{"synthetic": false,
 "schemaVersion": "2025-09-10",
 "outputs":
 {"o": ["e9284ffb60b4ba12.olean"],
  "i": "033d2408a1dc90e1.ilean",
  "c": "3a43b96d5dc27128.c"},
 "log":
 [{"message":
   ".> LEAN_PATH=/Users/inaciof.vasquez/github-audit/pachner-invariant/.lake/packages/Cli/.lake/build/lib/lean:/Users/inaciof.vasquez/github-audit/pachner-invariant/.lake/packages/batteries/.lake/build/lib/lean:/Users/inaciof.vasquez/github-audit/pachner-invariant/.lake/packages/Qq/.lake/build/lib/lean:/Users/inaciof.vasquez/github-audit/pachner-invariant/.lake/packages/aesop/.lake/build/lib/lean:/Users/inaciof.vasquez/github-audit/pachner-invariant/.lake/packages/proofwidgets/.lake/build/lib/lean:/Users/inaciof.vasquez/github-audit/pachner-invariant/.lake/packages/importGraph/.lake/build/lib/lean:/Users/inaciof.vasquez/github-audit/pachner-invariant/.lake/packages/LeanSearchClient/.lake/build/lib/lean:/Users/inaciof.vasquez/github-audit/pachner-invariant/.lake/packages/plausible/.lake/build/lib/lean:/Users/inaciof.vasquez/github-audit/pachner-invariant/.lake/packages/mathlib/.lake/build/lib/lean:/Users/inaciof.vasquez/github-audit/pachner-invariant/.lake/build/lib/lean /Users/inaciof.vasquez/.elan/toolchains/leanprover--lean4---v4.28.0/bin/lean /Users/inaciof.vasquez/github-audit/pachner-invariant/PachnerInvariant/descent_property.lean -o /Users/inaciof.vasquez/github-audit/pachner-invariant/.lake/build/lib/lean/PachnerInvariant/descent_property.olean -i /Users/inaciof.vasquez/github-audit/pachner-invariant/.lake/build/lib/lean/PachnerInvariant/descent_property.ilean -c /Users/inaciof.vasquez/github-audit/pachner-invariant/.lake/build/ir/PachnerInvariant/descent_property.c --setup /Users/inaciof.vasquez/github-audit/pachner-invariant/.lake/build/ir/PachnerInvariant/descent_property.setup.json --json",
   "level": "trace"}],
 "inputs":
 [["PachnerInvariant.descent_property:deps",
   [["deps",
     [["pachner_invariant/PachnerInvariant:extraDep",
       [["@pachner_invariant:extraDep", "00000000000006bb"]]],
      ["imports", "00000000000006bb"]]],
    ["libs",
     [["import dynlibs", "00000000000006bb"],
      ["package external libraries", "00000000000006bb"],
      ["module dynlibs", "00000000000006bb"],
      ["module plugins", "00000000000006bb"]]]]],
  ["Lean 4.28.0, commit 7e01a1bf5c70fc6167d49c345d3bf80596e9a79b",
   "a96bc04a2e5e9630"],
  ["/Users/inaciof.vasquez/github-audit/pachner-invariant/PachnerInvariant/descent_property.lean",
   "7f776dced86bd089"],
  ["options", "00000000000006bb"],
  ["Module.leanArgs: #[]", "00000000000006bb"]],
 "depHash": "102d6f1a0a993e2f"}