{"synthetic": false,
 "schemaVersion": "2025-09-10",
 "outputs":
 {"o": ["23a8480db1484af3.olean"],
  "i": "68750bdbd9333e60.ilean",
  "c": "232a339a3d424530.c"},
 "log":
 [{"message":
   ".> LEAN_PATH=/Users/inaciof.vasquez/github-audit/pachner-invariant/.lake/packages/Cli/.lake/build/lib/lean:/Users/inaciof.vasquez/github-audit/pachner-invariant/.lake/packages/batteries/.lake/build/lib/lean:/Users/inaciof.vasquez/github-audit/pachner-invariant/.lake/packages/Qq/.lake/build/lib/lean:/Users/inaciof.vasquez/github-audit/pachner-invariant/.lake/packages/aesop/.lake/build/lib/lean:/Users/inaciof.vasquez/github-audit/pachner-invariant/.lake/packages/proofwidgets/.lake/build/lib/lean:/Users/inaciof.vasquez/github-audit/pachner-invariant/.lake/packages/importGraph/.lake/build/lib/lean:/Users/inaciof.vasquez/github-audit/pachner-invariant/.lake/packages/LeanSearchClient/.lake/build/lib/lean:/Users/inaciof.vasquez/github-audit/pachner-invariant/.lake/packages/plausible/.lake/build/lib/lean:/Users/inaciof.vasquez/github-audit/pachner-invariant/.lake/packages/mathlib/.lake/build/lib/lean:/Users/inaciof.vasquez/github-audit/pachner-invariant/.lake/build/lib/lean /Users/inaciof.vasquez/.elan/toolchains/leanprover--lean4---v4.28.0/bin/lean /Users/inaciof.vasquez/github-audit/pachner-invariant/PachnerInvariant/helpers.lean -o /Users/inaciof.vasquez/github-audit/pachner-invariant/.lake/build/lib/lean/PachnerInvariant/helpers.olean -i /Users/inaciof.vasquez/github-audit/pachner-invariant/.lake/build/lib/lean/PachnerInvariant/helpers.ilean -c /Users/inaciof.vasquez/github-audit/pachner-invariant/.lake/build/ir/PachnerInvariant/helpers.c --setup /Users/inaciof.vasquez/github-audit/pachner-invariant/.lake/build/ir/PachnerInvariant/helpers.setup.json --json",
   "level": "trace"}],
 "inputs":
 [["PachnerInvariant.helpers:deps",
   [["deps",
     [["pachner_invariant/PachnerInvariant:extraDep",
       [["@pachner_invariant:extraDep", "00000000000006bb"]]],
      ["imports",
       [["PachnerInvariant.descent_property transitive imports (legacy)",
         "00000000000006bb"],
        ["PachnerInvariant.descent_property:importAllArts",
         "b87841752f558566"]]]]],
    ["libs",
     [["import dynlibs", "00000000000006bb"],
      ["package external libraries", "00000000000006bb"],
      ["module dynlibs", "00000000000006bb"],
      ["module plugins", "00000000000006bb"]]]]],
  ["Lean 4.28.0, commit 7e01a1bf5c70fc6167d49c345d3bf80596e9a79b",
   "a96bc04a2e5e9630"],
  ["/Users/inaciof.vasquez/github-audit/pachner-invariant/PachnerInvariant/helpers.lean",
   "08952f866f52d17c"],
  ["options", "00000000000006bb"],
  ["Module.leanArgs: #[]", "00000000000006bb"]],
 "depHash": "60bd5638f15887ff"}