{"synthetic": false,
 "schemaVersion": "2025-09-10",
 "outputs":
 {"o": ["dce6ac3ab0f48d7c.olean"],
  "i": "dddeb28234fac662.ilean",
  "c": "be6c7a1c92601b09.c"},
 "log":
 [{"message":
   ".> LEAN_PATH=/Users/inaciof.vasquez/github-audit/pachner-invariant/.lake/packages/Cli/.lake/build/lib/lean:/Users/inaciof.vasquez/github-audit/pachner-invariant/.lake/packages/batteries/.lake/build/lib/lean:/Users/inaciof.vasquez/github-audit/pachner-invariant/.lake/packages/Qq/.lake/build/lib/lean:/Users/inaciof.vasquez/github-audit/pachner-invariant/.lake/packages/aesop/.lake/build/lib/lean:/Users/inaciof.vasquez/github-audit/pachner-invariant/.lake/packages/proofwidgets/.lake/build/lib/lean:/Users/inaciof.vasquez/github-audit/pachner-invariant/.lake/packages/importGraph/.lake/build/lib/lean:/Users/inaciof.vasquez/github-audit/pachner-invariant/.lake/packages/LeanSearchClient/.lake/build/lib/lean:/Users/inaciof.vasquez/github-audit/pachner-invariant/.lake/packages/plausible/.lake/build/lib/lean:/Users/inaciof.vasquez/github-audit/pachner-invariant/.lake/packages/mathlib/.lake/build/lib/lean:/Users/inaciof.vasquez/github-audit/pachner-invariant/.lake/build/lib/lean /Users/inaciof.vasquez/.elan/toolchains/leanprover--lean4---v4.28.0/bin/lean /Users/inaciof.vasquez/github-audit/pachner-invariant/Main.lean -o /Users/inaciof.vasquez/github-audit/pachner-invariant/.lake/build/lib/lean/Main.olean -i /Users/inaciof.vasquez/github-audit/pachner-invariant/.lake/build/lib/lean/Main.ilean -c /Users/inaciof.vasquez/github-audit/pachner-invariant/.lake/build/ir/Main.c --setup /Users/inaciof.vasquez/github-audit/pachner-invariant/.lake/build/ir/Main.setup.json --json",
   "level": "trace"}],
 "inputs":
 [["Main:deps",
   [["deps",
     [["pachner_invariant/Main:extraDep",
       [["@pachner_invariant:extraDep", "00000000000006bb"]]],
      ["imports",
       [["PachnerInvariant.descent_property transitive imports (legacy)",
         "00000000000006bb"],
        ["PachnerInvariant.descent_property:importAllArts", "b87841752f558566"],
        ["PachnerInvariant.lambda_optimization transitive imports (legacy)",
         "0b0e08714a3d8fc6"],
        ["PachnerInvariant.lambda_optimization:importAllArts",
         "8aa804fe2b3fa2f5"],
        ["PachnerInvariant.helpers transitive imports (legacy)",
         "0b0e08714a3d8fc6"],
        ["PachnerInvariant.helpers:importAllArts", "703a59bad22f474d"]]]]],
    ["libs",
     [["import dynlibs", "00000000000006bb"],
      ["package external libraries", "00000000000006bb"],
      ["module dynlibs", "00000000000006bb"],
      ["module plugins", "00000000000006bb"]]]]],
  ["Lean 4.28.0, commit 7e01a1bf5c70fc6167d49c345d3bf80596e9a79b",
   "a96bc04a2e5e9630"],
  ["/Users/inaciof.vasquez/github-audit/pachner-invariant/Main.lean",
   "d0c2ea73380c7b21"],
  ["options", "00000000000006bb"],
  ["Module.leanArgs: #[]", "00000000000006bb"]],
 "depHash": "4a31dc184572063c"}