{"synthetic": false,
 "schemaVersion": "2025-09-10",
 "outputs": "8b000dcbe1e6569e",
 "log":
 [{"message":
   ".> MACOSX_DEPLOYMENT_TARGET=99.0 /Users/inaciof.vasquez/.elan/toolchains/leanprover--lean4---v4.28.0/bin/clang -o /Users/inaciof.vasquez/github-audit/pachner-invariant/.lake/build/bin/Main /Users/inaciof.vasquez/github-audit/pachner-invariant/.lake/build/ir/Main.c.o.export /Users/inaciof.vasquez/github-audit/pachner-invariant/.lake/build/ir/PachnerInvariant/descent_property.c.o.export /Users/inaciof.vasquez/github-audit/pachner-invariant/.lake/build/ir/PachnerInvariant/lambda_optimization.c.o.export /Users/inaciof.vasquez/github-audit/pachner-invariant/.lake/build/ir/PachnerInvariant/helpers.c.o.export -L /Users/inaciof.vasquez/.elan/toolchains/leanprover--lean4---v4.28.0/lib/lean --sysroot /Users/inaciof.vasquez/.elan/toolchains/leanprover--lean4---v4.28.0 -L /Users/inaciof.vasquez/.elan/toolchains/leanprover--lean4---v4.28.0/lib -L /Users/inaciof.vasquez/.elan/toolchains/leanprover--lean4---v4.28.0/lib/libc -fuse-ld=lld -lleancpp -lInit -lStd -lLean -lleanrt -lc++ -lLake -lgmp -luv -Wl,-dead_strip",
   "level": "trace"}],
 "inputs":
 [["linkObjs",
   [["/Users/inaciof.vasquez/github-audit/pachner-invariant/.lake/build/ir/Main.c.o.export",
     "514840e37461c487"],
    ["/Users/inaciof.vasquez/github-audit/pachner-invariant/.lake/build/ir/PachnerInvariant/descent_property.c.o.export",
     "7477899d63905def"],
    ["/Users/inaciof.vasquez/github-audit/pachner-invariant/.lake/build/ir/PachnerInvariant/lambda_optimization.c.o.export",
     "f2e851c2741bfe61"],
    ["/Users/inaciof.vasquez/github-audit/pachner-invariant/.lake/build/ir/PachnerInvariant/helpers.c.o.export",
     "e57e68110dd7e0f4"]]],
  ["linkLibs", "00000000000006bb"],
  ["Lean 4.28.0, commit 7e01a1bf5c70fc6167d49c345d3bf80596e9a79b",
   "a96bc04a2e5e9630"],
  ["traceArgs: #[]", "00000000000006bb"],
  ["arm64-apple-darwin24.6.0", "77c16133d139df5a"]],
 "depHash": "29f1fc44bd586d1e"}